[ 2024-11-22 15:27:47,339 ] 1038 httpx - INFO - HTTP Request: GET https://dagshub.com/api/v1/user "HTTP/1.1 200 OK"
[ 2024-11-22 15:27:47,366 ] 107 dagshub - INFO - Accessing as akshatbindal
[ 2024-11-22 15:27:47,934 ] 1038 httpx - INFO - HTTP Request: GET https://dagshub.com/api/v1/repos/akshatbindal/Network-Security-DS-Project "HTTP/1.1 200 OK"
[ 2024-11-22 15:27:48,424 ] 1038 httpx - INFO - HTTP Request: GET https://dagshub.com/api/v1/user "HTTP/1.1 200 OK"
[ 2024-11-22 15:27:48,432 ] 107 dagshub - INFO - Initialized MLflow to track repo "akshatbindal/Network-Security-DS-Project"
[ 2024-11-22 15:27:48,436 ] 107 dagshub - INFO - Repository akshatbindal/Network-Security-DS-Project initialized!
[ 2024-11-22 15:28:00,677 ] 40 root - INFO - Start data Ingestion
[ 2024-11-22 15:28:03,803 ] 65 root - INFO - Performed train test split on the dataframe
[ 2024-11-22 15:28:03,803 ] 67 root - INFO - Exited split_data_as_train_test method of Data_Ingestion class
[ 2024-11-22 15:28:03,804 ] 75 root - INFO - Exporting train and test file path.
[ 2024-11-22 15:28:03,979 ] 84 root - INFO - Exported train and test file path.
[ 2024-11-22 15:28:03,981 ] 43 root - INFO - Data Ingestion completed and artifact: DataIngestionArtifact(trained_file_path='Artifacts\\11_22_2024_15_27_32\\data_ingestion\\ingested\\train.csv', test_file_path='Artifacts\\11_22_2024_15_27_32\\data_ingestion\\ingested\\test.csv')
[ 2024-11-22 15:28:04,008 ] 53 root - INFO - Initiate the data Validation
[ 2024-11-22 15:28:04,122 ] 32 root - INFO - Required number of columns:2
[ 2024-11-22 15:28:04,122 ] 33 root - INFO - Data frame has columns:31
[ 2024-11-22 15:28:04,123 ] 32 root - INFO - Required number of columns:2
[ 2024-11-22 15:28:04,123 ] 33 root - INFO - Data frame has columns:31
[ 2024-11-22 15:28:04,524 ] 63 root - INFO - Entered initiate_data_transformation method of DataTransformation class
[ 2024-11-22 15:28:04,525 ] 65 root - INFO - Starting data transformation
[ 2024-11-22 15:28:04,577 ] 48 root - INFO - Entered get_data_trnasformer_object method of Trnasformation class
[ 2024-11-22 15:28:04,578 ] 53 root - INFO - Initialise KNNImputer with {'missing_values': nan, 'n_neighbors': 3, 'weights': 'uniform'}
[ 2024-11-22 15:28:04,631 ] 46 root - INFO - Entered the save_object method of MainUtils class
[ 2024-11-22 15:28:04,639 ] 50 root - INFO - Exited the save_object method of MainUtils class
[ 2024-11-22 15:28:04,640 ] 46 root - INFO - Entered the save_object method of MainUtils class
[ 2024-11-22 15:28:04,647 ] 50 root - INFO - Exited the save_object method of MainUtils class
[ 2024-11-22 15:31:56,763 ] 46 root - INFO - Entered the save_object method of MainUtils class
[ 2024-11-22 15:31:56,791 ] 50 root - INFO - Exited the save_object method of MainUtils class
[ 2024-11-22 15:31:56,791 ] 46 root - INFO - Entered the save_object method of MainUtils class
[ 2024-11-22 15:31:56,805 ] 50 root - INFO - Exited the save_object method of MainUtils class
[ 2024-11-22 15:31:56,806 ] 130 root - INFO - Model trainer artifact: ModelTrainerArtifact(trained_model_file_path='Artifacts\\11_22_2024_15_27_32\\model_trainer\\trained_model\\model.pkl', train_metric_artifact=ClassificationMetricArtifact(f1_score=np.float64(0.9906013137948458), precision_score=np.float64(0.9875075559137618), recall_score=np.float64(0.9937145174371452)), test_metric_artifact=ClassificationMetricArtifact(f1_score=np.float64(0.9779951100244498), precision_score=np.float64(0.9764035801464606), recall_score=np.float64(0.9795918367346939)))
