[ 2024-11-21 21:12:14,361 ] 1038 httpx - INFO - HTTP Request: POST https://dagshub.com/login/oauth/middleman "HTTP/1.1 200 OK"
[ 2024-11-21 21:12:14,866 ] 1038 httpx - INFO - HTTP Request: POST https://dagshub.com/login/oauth/access_token "HTTP/1.1 200 OK"
[ 2024-11-21 21:12:15,345 ] 1038 httpx - INFO - HTTP Request: GET https://dagshub.com/api/v1/user "HTTP/1.1 200 OK"
[ 2024-11-21 21:12:15,355 ] 107 dagshub - INFO - Accessing as akshatbindal
[ 2024-11-21 21:12:15,897 ] 1038 httpx - INFO - HTTP Request: GET https://dagshub.com/api/v1/repos/akshatbindal/Network-Security-DS-Project "HTTP/1.1 200 OK"
[ 2024-11-21 21:12:16,389 ] 1038 httpx - INFO - HTTP Request: GET https://dagshub.com/api/v1/user "HTTP/1.1 200 OK"
[ 2024-11-21 21:12:16,407 ] 107 dagshub - INFO - Initialized MLflow to track repo "akshatbindal/Network-Security-DS-Project"
[ 2024-11-21 21:12:16,410 ] 107 dagshub - INFO - Repository akshatbindal/Network-Security-DS-Project initialized!
[ 2024-11-21 21:12:16,410 ] 18 root - INFO - Initiate the data ingestion
[ 2024-11-21 21:12:21,965 ] 65 root - INFO - Performed train test split on the dataframe
[ 2024-11-21 21:12:21,966 ] 67 root - INFO - Exited split_data_as_train_test method of Data_Ingestion class
[ 2024-11-21 21:12:21,967 ] 75 root - INFO - Exporting train and test file path.
[ 2024-11-21 21:12:22,027 ] 84 root - INFO - Exported train and test file path.
[ 2024-11-21 21:12:22,028 ] 20 root - INFO - Data Initiation Completed
[ 2024-11-21 21:12:22,037 ] 25 root - INFO - Initiate the data Validation
[ 2024-11-21 21:12:22,113 ] 32 root - INFO - Required number of columns:2
[ 2024-11-21 21:12:22,113 ] 33 root - INFO - Data frame has columns:31
[ 2024-11-21 21:12:22,113 ] 32 root - INFO - Required number of columns:2
[ 2024-11-21 21:12:22,114 ] 33 root - INFO - Data frame has columns:31
[ 2024-11-21 21:12:22,354 ] 27 root - INFO - data Validation Completed
[ 2024-11-21 21:12:22,355 ] 31 root - INFO - data Transformation started
[ 2024-11-21 21:12:22,355 ] 63 root - INFO - Entered initiate_data_transformation method of DataTransformation class
[ 2024-11-21 21:12:22,356 ] 65 root - INFO - Starting data transformation
[ 2024-11-21 21:12:22,388 ] 48 root - INFO - Entered get_data_trnasformer_object method of Trnasformation class
[ 2024-11-21 21:12:22,388 ] 53 root - INFO - Initialise KNNImputer with {'missing_values': nan, 'n_neighbors': 3, 'weights': 'uniform'}
[ 2024-11-21 21:12:22,415 ] 46 root - INFO - Entered the save_object method of MainUtils class
[ 2024-11-21 21:12:22,419 ] 50 root - INFO - Exited the save_object method of MainUtils class
[ 2024-11-21 21:12:22,420 ] 46 root - INFO - Entered the save_object method of MainUtils class
[ 2024-11-21 21:12:22,423 ] 50 root - INFO - Exited the save_object method of MainUtils class
[ 2024-11-21 21:12:22,425 ] 35 root - INFO - data Transformation completed
[ 2024-11-21 21:12:22,425 ] 38 root - INFO - Model Training stared
[ 2024-11-21 21:31:52,335 ] 870 urllib3.connectionpool - WARNING - Retrying (Retry(total=4, connect=5, read=5, redirect=5, status=5)) after connection broken by 'SSLEOFError(8, 'EOF occurred in violation of protocol (_ssl.c:2384)')': /akshatbindal/Network-Security-DS-Project.mlflow/api/2.0/mlflow-artifacts/artifacts/0519059db9e3483088ddc0f9344c24a4/8fdc1273b5724b14809a4db6fd7d4c7a/artifacts/model/model.pkl
